-0.600 -0.400 24.266
-0.400 -0.400 59.302
-0.200 -0.400 31.441
0.000 -0.400 21.261
0.200 -0.400 27.842
0.400 -0.400 34.198
0.600 -0.400 40.357
-0.600 -0.200 49.807
-0.400 -0.200 7.781
-0.200 -0.200 13.627
0.000 -0.200 19.672
0.200 -0.200 46.859
0.400 -0.200 51.605
0.600 -0.200 33.672
-0.600 0.000 28.904
-0.400 0.000 43.809
-0.200 0.000 52.798
0.000 0.000 215.167
0.200 0.000 238.339
0.400 0.000 134.024
0.600 0.000 17.583
-0.600 0.200 37.557
-0.400 0.200 76.528
-0.200 0.200 251.450
0.000 0.200 0.000
0.200 0.200 251.450
0.400 0.200 76.528
0.600 0.200 37.557
-0.600 0.400 17.583
-0.400 0.400 134.024
-0.200 0.400 238.339
0.000 0.400 215.167
0.200 0.400 52.798
0.400 0.400 43.809
0.600 0.400 28.904
-0.600 0.600 33.672
-0.400 0.600 51.605
-0.200 0.600 46.859
0.000 0.600 19.672
0.200 0.600 13.627
0.400 0.600 7.781
0.600 0.600 49.807
-0.600 0.800 40.357
-0.400 0.800 34.198
-0.200 0.800 27.842
0.000 0.800 21.261
0.200 0.800 31.441
0.400 0.800 59.302
0.600 0.800 24.266
Fit
