0.00000 0.00000 0.00000 0.00000 0.00000 0.00000
0.00181 0.00182 0.00177 0.00021 0.00022 0.00021
0.00174 0.00177 0.00177 0.00020 0.00021 0.00022
0.00179 0.00179 0.00175 0.00022 0.00022 0.00021
0.00187 0.00177 0.00190 0.00023 0.00022 0.00023
0.00181 0.00181 0.00178 0.00022 0.00022 0.00021
0.00176 0.00186 0.00168 0.00021 0.00024 0.00020
0.00178 0.00181 0.00180 0.00021 0.00023 0.00023
0.00168 0.00183 0.00181 0.00017 0.00026 0.00023
0.00161 0.00193 0.00173 0.00015 0.00029 0.00022
0.00163 0.00191 0.00179 0.00014 0.00029 0.00022
0.00158 0.00188 0.00172 0.00015 0.00028 0.00021
0.00172 0.00183 0.00187 0.00018 0.00025 0.00025
0.00192 0.00170 0.00175 0.00026 0.00017 0.00022
0.00203 0.00153 0.00175 0.00036 0.00010 0.00021
0.00233 0.00141 0.00183 0.00050 0.00004 0.00023
0.00255 0.00137 0.00176 0.00061 0.00001 0.00022
0.00273 0.00133 0.00177 0.00068 0.00000 0.00021
0.00259 0.00135 0.00177 0.00062 0.00001 0.00021
0.00241 0.00144 0.00178 0.00051 0.00004 0.00022
0.00204 0.00151 0.00174 0.00036 0.00010 0.00021
0.00197 0.00175 0.00182 0.00027 0.00019 0.00021
0.00168 0.00190 0.00174 0.00018 0.00027 0.00021
0.00166 0.00195 0.00178 0.00016 0.00030 0.00023
0.00163 0.00194 0.00178 0.00015 0.00030 0.00021
0.00172 0.00200 0.00179 0.00017 0.00029 0.00022
0.00176 0.00192 0.00183 0.00019 0.00027 0.00023
0.00173 0.00181 0.00179 0.00020 0.00024 0.00022
0.00181 0.00184 0.00183 0.00023 0.00023 0.00024
0.00175 0.00175 0.00176 0.00022 0.00022 0.00021
0.00175 0.00175 0.00176 0.00021 0.00021 0.00022
0.00174 0.00171 0.00182 0.00021 0.00021 0.00022
0.00181 0.00172 0.00183 0.00022 0.00021 0.00022
0.00172 0.00175 0.00173 0.00021 0.00021 0.00022
